[ 2016-12-04T16:58:31+08:00 ] 127.0.0.1 /broken/index.php/Home/Amusement/yl_movie.html
INFO: [ app_init ] --START--
INFO: Run Behavior\BuildLiteBehavior [ RunTime:0.000029s ]
INFO: [ app_init ] --END-- [ RunTime:0.044327s ]
INFO: [ app_begin ] --START--
INFO: Run Behavior\ReadHtmlCacheBehavior [ RunTime:0.014649s ]
INFO: [ app_begin ] --END-- [ RunTime:0.014727s ]
INFO: [ view_parse ] --START--
INFO: [ template_filter ] --START--
INFO: Run Behavior\ContentReplaceBehavior [ RunTime:0.000202s ]
INFO: [ template_filter ] --END-- [ RunTime:0.000297s ]
INFO: Run Behavior\ParseTemplateBehavior [ RunTime:0.241874s ]
INFO: [ view_parse ] --END-- [ RunTime:0.241961s ]
INFO: [ view_filter ] --START--
INFO: Run Behavior\WriteHtmlCacheBehavior [ RunTime:0.049243s ]
INFO: [ view_filter ] --END-- [ RunTime:0.049318s ]
INFO: [ app_end ] --START--
INFO: Run Behavior\ShowPageTraceBehavior [ RunTime:0.023704s ]
INFO: [ app_end ] --END-- [ RunTime:0.023833s ]

[ 2016-12-04T17:06:58+08:00 ] 127.0.0.1 /broken/index.php/Home/Amusement/yl_moviestore.html
INFO: [ app_init ] --START--
INFO: Run Behavior\BuildLiteBehavior [ RunTime:0.000052s ]
INFO: [ app_init ] --END-- [ RunTime:0.001281s ]
INFO: [ app_begin ] --START--
INFO: Run Behavior\ReadHtmlCacheBehavior [ RunTime:0.001505s ]
INFO: [ app_begin ] --END-- [ RunTime:0.001667s ]
INFO: [ view_parse ] --START--
INFO: [ template_filter ] --START--
INFO: Run Behavior\ContentReplaceBehavior [ RunTime:0.000361s ]
INFO: [ template_filter ] --END-- [ RunTime:0.000620s ]
INFO: Run Behavior\ParseTemplateBehavior [ RunTime:0.114256s ]
INFO: [ view_parse ] --END-- [ RunTime:0.114479s ]
INFO: [ view_filter ] --START--
INFO: Run Behavior\WriteHtmlCacheBehavior [ RunTime:0.000406s ]
INFO: [ view_filter ] --END-- [ RunTime:0.000465s ]
INFO: [ app_end ] --START--
INFO: Run Behavior\ShowPageTraceBehavior [ RunTime:0.000662s ]
INFO: [ app_end ] --END-- [ RunTime:0.000726s ]

[ 2016-12-04T17:11:16+08:00 ] 127.0.0.1 /broken/index.php/Home/Amusement/yl_movie.html
INFO: [ app_init ] --START--
INFO: Run Behavior\BuildLiteBehavior [ RunTime:0.000064s ]
INFO: [ app_init ] --END-- [ RunTime:0.001834s ]
INFO: [ app_begin ] --START--
INFO: Run Behavior\ReadHtmlCacheBehavior [ RunTime:0.002041s ]
INFO: [ app_begin ] --END-- [ RunTime:0.002265s ]
INFO: [ view_parse ] --START--
INFO: [ template_filter ] --START--
INFO: Run Behavior\ContentReplaceBehavior [ RunTime:0.000348s ]
INFO: [ template_filter ] --END-- [ RunTime:0.000525s ]
NOTIC: [8] Undefined variable: seller F:\Html Five\Web Server\apache2.2\htdocs\broken\Application\Runtime\Cache\Home\f811f65a28e593fb6f03622ce29d4ab5.php 第 91 行.
INFO: Run Behavior\ParseTemplateBehavior [ RunTime:0.232432s ]
INFO: [ view_parse ] --END-- [ RunTime:0.232599s ]
INFO: [ view_filter ] --START--
INFO: Run Behavior\WriteHtmlCacheBehavior [ RunTime:0.000816s ]
INFO: [ view_filter ] --END-- [ RunTime:0.000938s ]
INFO: [ app_end ] --START--
INFO: Run Behavior\ShowPageTraceBehavior [ RunTime:0.016313s ]
INFO: [ app_end ] --END-- [ RunTime:0.035266s ]

[ 2016-12-04T17:11:54+08:00 ] 127.0.0.1 /broken/index.php/Home/Amusement/yl_movie.html
INFO: [ app_init ] --START--
INFO: Run Behavior\BuildLiteBehavior [ RunTime:0.000065s ]
INFO: [ app_init ] --END-- [ RunTime:0.002204s ]
INFO: [ app_begin ] --START--
INFO: Run Behavior\ReadHtmlCacheBehavior [ RunTime:0.001933s ]
INFO: [ app_begin ] --END-- [ RunTime:0.004465s ]
INFO: [ view_parse ] --START--
INFO: [ template_filter ] --START--
INFO: Run Behavior\ContentReplaceBehavior [ RunTime:0.000447s ]
INFO: [ template_filter ] --END-- [ RunTime:0.000808s ]
NOTIC: [8] Undefined variable: seller F:\Html Five\Web Server\apache2.2\htdocs\broken\Application\Runtime\Cache\Home\f811f65a28e593fb6f03622ce29d4ab5.php 第 91 行.
INFO: Run Behavior\ParseTemplateBehavior [ RunTime:0.179973s ]
INFO: [ view_parse ] --END-- [ RunTime:0.180156s ]
INFO: [ view_filter ] --START--
INFO: Run Behavior\WriteHtmlCacheBehavior [ RunTime:0.001910s ]
INFO: [ view_filter ] --END-- [ RunTime:0.002596s ]
INFO: [ app_end ] --START--
INFO: Run Behavior\ShowPageTraceBehavior [ RunTime:0.012004s ]
INFO: [ app_end ] --END-- [ RunTime:0.012291s ]

[ 2016-12-04T17:11:59+08:00 ] 127.0.0.1 /broken/index.php/Home/Amusement/yl_movie.html
INFO: [ app_init ] --START--
INFO: Run Behavior\BuildLiteBehavior [ RunTime:0.000014s ]
INFO: [ app_init ] --END-- [ RunTime:0.000342s ]
INFO: [ app_begin ] --START--
INFO: Run Behavior\ReadHtmlCacheBehavior [ RunTime:0.000502s ]
INFO: [ app_begin ] --END-- [ RunTime:0.000561s ]
INFO: [ view_parse ] --START--
INFO: [ template_filter ] --START--
INFO: Run Behavior\ContentReplaceBehavior [ RunTime:0.000137s ]
INFO: [ template_filter ] --END-- [ RunTime:0.000284s ]
NOTIC: [8] Undefined variable: seller F:\Html Five\Web Server\apache2.2\htdocs\broken\Application\Runtime\Cache\Home\f811f65a28e593fb6f03622ce29d4ab5.php 第 91 行.
INFO: Run Behavior\ParseTemplateBehavior [ RunTime:0.072104s ]
INFO: [ view_parse ] --END-- [ RunTime:0.072229s ]
INFO: [ view_filter ] --START--
INFO: Run Behavior\WriteHtmlCacheBehavior [ RunTime:0.000320s ]
INFO: [ view_filter ] --END-- [ RunTime:0.000402s ]
INFO: [ app_end ] --START--
INFO: Run Behavior\ShowPageTraceBehavior [ RunTime:0.001074s ]
INFO: [ app_end ] --END-- [ RunTime:0.001189s ]

[ 2016-12-04T17:12:00+08:00 ] 127.0.0.1 /broken/index.php/Home/Amusement/yl_movie.html
INFO: [ app_init ] --START--
INFO: Run Behavior\BuildLiteBehavior [ RunTime:0.000015s ]
INFO: [ app_init ] --END-- [ RunTime:0.000391s ]
INFO: [ app_begin ] --START--
INFO: Run Behavior\ReadHtmlCacheBehavior [ RunTime:0.000482s ]
INFO: [ app_begin ] --END-- [ RunTime:0.000553s ]
INFO: [ view_parse ] --START--
INFO: [ template_filter ] --START--
INFO: Run Behavior\ContentReplaceBehavior [ RunTime:0.000129s ]
INFO: [ template_filter ] --END-- [ RunTime:0.000203s ]
NOTIC: [8] Undefined variable: seller F:\Html Five\Web Server\apache2.2\htdocs\broken\Application\Runtime\Cache\Home\f811f65a28e593fb6f03622ce29d4ab5.php 第 91 行.
INFO: Run Behavior\ParseTemplateBehavior [ RunTime:0.067569s ]
INFO: [ view_parse ] --END-- [ RunTime:0.067630s ]
INFO: [ view_filter ] --START--
INFO: Run Behavior\WriteHtmlCacheBehavior [ RunTime:0.000239s ]
INFO: [ view_filter ] --END-- [ RunTime:0.000286s ]
INFO: [ app_end ] --START--
INFO: Run Behavior\ShowPageTraceBehavior [ RunTime:0.001115s ]
INFO: [ app_end ] --END-- [ RunTime:0.001232s ]

[ 2016-12-04T17:12:46+08:00 ] 127.0.0.1 /broken/index.php/Home/Amusement/yl_movie.html
INFO: [ app_init ] --START--
INFO: Run Behavior\BuildLiteBehavior [ RunTime:0.000021s ]
INFO: [ app_init ] --END-- [ RunTime:0.000512s ]
INFO: [ app_begin ] --START--
INFO: Run Behavior\ReadHtmlCacheBehavior [ RunTime:0.000786s ]
INFO: [ app_begin ] --END-- [ RunTime:0.000878s ]

[ 2016-12-04T17:14:06+08:00 ] 127.0.0.1 /broken/index.php/Home/Amusement/yl_movie.html
INFO: [ app_init ] --START--
INFO: Run Behavior\BuildLiteBehavior [ RunTime:0.000019s ]
INFO: [ app_init ] --END-- [ RunTime:0.000464s ]
INFO: [ app_begin ] --START--
INFO: Run Behavior\ReadHtmlCacheBehavior [ RunTime:0.000822s ]
INFO: [ app_begin ] --END-- [ RunTime:0.000924s ]

[ 2016-12-04T17:14:55+08:00 ] 127.0.0.1 /broken/index.php/Home/Amusement/yl_movie.html
INFO: [ app_init ] --START--
INFO: Run Behavior\BuildLiteBehavior [ RunTime:0.000015s ]
INFO: [ app_init ] --END-- [ RunTime:0.000408s ]
INFO: [ app_begin ] --START--
INFO: Run Behavior\ReadHtmlCacheBehavior [ RunTime:0.000599s ]
INFO: [ app_begin ] --END-- [ RunTime:0.000657s ]

[ 2016-12-04T17:14:56+08:00 ] 127.0.0.1 /broken/index.php/Home/Amusement/yl_movie.html
INFO: [ app_init ] --START--
INFO: Run Behavior\BuildLiteBehavior [ RunTime:0.000014s ]
INFO: [ app_init ] --END-- [ RunTime:0.000367s ]
INFO: [ app_begin ] --START--
INFO: Run Behavior\ReadHtmlCacheBehavior [ RunTime:0.000490s ]
INFO: [ app_begin ] --END-- [ RunTime:0.000559s ]

[ 2016-12-04T17:15:20+08:00 ] 127.0.0.1 /broken/index.php/Home/Amusement/yl_movie.html
INFO: [ app_init ] --START--
INFO: Run Behavior\BuildLiteBehavior [ RunTime:0.000014s ]
INFO: [ app_init ] --END-- [ RunTime:0.000339s ]
INFO: [ app_begin ] --START--
INFO: Run Behavior\ReadHtmlCacheBehavior [ RunTime:0.000473s ]
INFO: [ app_begin ] --END-- [ RunTime:0.000531s ]

[ 2016-12-04T17:15:44+08:00 ] 127.0.0.1 /broken/index.php/Home/Amusement/yl_movie.html
INFO: [ app_init ] --START--
INFO: Run Behavior\BuildLiteBehavior [ RunTime:0.000014s ]
INFO: [ app_init ] --END-- [ RunTime:0.000337s ]
INFO: [ app_begin ] --START--
INFO: Run Behavior\ReadHtmlCacheBehavior [ RunTime:0.000482s ]
INFO: [ app_begin ] --END-- [ RunTime:0.000540s ]

[ 2016-12-04T17:15:45+08:00 ] 127.0.0.1 /broken/index.php/Home/Amusement/yl_movie.html
INFO: [ app_init ] --START--
INFO: Run Behavior\BuildLiteBehavior [ RunTime:0.000014s ]
INFO: [ app_init ] --END-- [ RunTime:0.000345s ]
INFO: [ app_begin ] --START--
INFO: Run Behavior\ReadHtmlCacheBehavior [ RunTime:0.000477s ]
INFO: [ app_begin ] --END-- [ RunTime:0.000535s ]

[ 2016-12-04T17:15:46+08:00 ] 127.0.0.1 /broken/index.php/Home/Amusement/yl_movie.html
INFO: [ app_init ] --START--
INFO: Run Behavior\BuildLiteBehavior [ RunTime:0.000014s ]
INFO: [ app_init ] --END-- [ RunTime:0.000339s ]
INFO: [ app_begin ] --START--
INFO: Run Behavior\ReadHtmlCacheBehavior [ RunTime:0.000479s ]
INFO: [ app_begin ] --END-- [ RunTime:0.000537s ]

[ 2016-12-04T17:15:46+08:00 ] 127.0.0.1 /broken/index.php/Home/Amusement/yl_movie.html
INFO: [ app_init ] --START--
INFO: Run Behavior\BuildLiteBehavior [ RunTime:0.000023s ]
INFO: [ app_init ] --END-- [ RunTime:0.000736s ]
INFO: [ app_begin ] --START--
INFO: Run Behavior\ReadHtmlCacheBehavior [ RunTime:0.001050s ]
INFO: [ app_begin ] --END-- [ RunTime:0.001245s ]

[ 2016-12-04T17:15:46+08:00 ] 127.0.0.1 /broken/index.php/Home/Amusement/yl_movie.html
INFO: [ app_init ] --START--
INFO: Run Behavior\BuildLiteBehavior [ RunTime:0.000016s ]
INFO: [ app_init ] --END-- [ RunTime:0.000380s ]
INFO: [ app_begin ] --START--
INFO: Run Behavior\ReadHtmlCacheBehavior [ RunTime:0.000518s ]
INFO: [ app_begin ] --END-- [ RunTime:0.000590s ]

[ 2016-12-04T17:15:46+08:00 ] 127.0.0.1 /broken/index.php/Home/Amusement/yl_movie.html
INFO: [ app_init ] --START--
INFO: Run Behavior\BuildLiteBehavior [ RunTime:0.000016s ]
INFO: [ app_init ] --END-- [ RunTime:0.000383s ]
INFO: [ app_begin ] --START--
INFO: Run Behavior\ReadHtmlCacheBehavior [ RunTime:0.000527s ]
INFO: [ app_begin ] --END-- [ RunTime:0.000607s ]

[ 2016-12-04T17:15:47+08:00 ] 127.0.0.1 /broken/index.php/Home/Amusement/yl_movie.html
INFO: [ app_init ] --START--
INFO: Run Behavior\BuildLiteBehavior [ RunTime:0.000013s ]
INFO: [ app_init ] --END-- [ RunTime:0.000339s ]
INFO: [ app_begin ] --START--
INFO: Run Behavior\ReadHtmlCacheBehavior [ RunTime:0.000477s ]
INFO: [ app_begin ] --END-- [ RunTime:0.000535s ]

[ 2016-12-04T17:15:47+08:00 ] 127.0.0.1 /broken/index.php/Home/Amusement/yl_movie.html
INFO: [ app_init ] --START--
INFO: Run Behavior\BuildLiteBehavior [ RunTime:0.000017s ]
INFO: [ app_init ] --END-- [ RunTime:0.000394s ]
INFO: [ app_begin ] --START--
INFO: Run Behavior\ReadHtmlCacheBehavior [ RunTime:0.000594s ]
INFO: [ app_begin ] --END-- [ RunTime:0.000670s ]

[ 2016-12-04T17:15:47+08:00 ] 127.0.0.1 /broken/index.php/Home/Amusement/yl_movie.html
INFO: [ app_init ] --START--
INFO: Run Behavior\BuildLiteBehavior [ RunTime:0.000040s ]
INFO: [ app_init ] --END-- [ RunTime:0.000565s ]
INFO: [ app_begin ] --START--
INFO: Run Behavior\ReadHtmlCacheBehavior [ RunTime:0.000597s ]
INFO: [ app_begin ] --END-- [ RunTime:0.000710s ]

[ 2016-12-04T17:15:47+08:00 ] 127.0.0.1 /broken/index.php/Home/Amusement/yl_movie.html
INFO: [ app_init ] --START--
INFO: Run Behavior\BuildLiteBehavior [ RunTime:0.000014s ]
INFO: [ app_init ] --END-- [ RunTime:0.000342s ]
INFO: [ app_begin ] --START--
INFO: Run Behavior\ReadHtmlCacheBehavior [ RunTime:0.000619s ]
INFO: [ app_begin ] --END-- [ RunTime:0.000682s ]

[ 2016-12-04T17:15:47+08:00 ] 127.0.0.1 /broken/index.php/Home/Amusement/yl_movie.html
INFO: [ app_init ] --START--
INFO: Run Behavior\BuildLiteBehavior [ RunTime:0.000015s ]
INFO: [ app_init ] --END-- [ RunTime:0.000403s ]
INFO: [ app_begin ] --START--
INFO: Run Behavior\ReadHtmlCacheBehavior [ RunTime:0.000506s ]
INFO: [ app_begin ] --END-- [ RunTime:0.000563s ]

[ 2016-12-04T17:15:48+08:00 ] 127.0.0.1 /broken/index.php/Home/Amusement/yl_movie.html
INFO: [ app_init ] --START--
INFO: Run Behavior\BuildLiteBehavior [ RunTime:0.000030s ]
INFO: [ app_init ] --END-- [ RunTime:0.000566s ]
INFO: [ app_begin ] --START--
INFO: Run Behavior\ReadHtmlCacheBehavior [ RunTime:0.001028s ]
INFO: [ app_begin ] --END-- [ RunTime:0.001255s ]

[ 2016-12-04T17:15:48+08:00 ] 127.0.0.1 /broken/index.php/Home/Amusement/yl_movie.html
INFO: [ app_init ] --START--
INFO: Run Behavior\BuildLiteBehavior [ RunTime:0.000014s ]
INFO: [ app_init ] --END-- [ RunTime:0.000339s ]
INFO: [ app_begin ] --START--
INFO: Run Behavior\ReadHtmlCacheBehavior [ RunTime:0.000513s ]
INFO: [ app_begin ] --END-- [ RunTime:0.000574s ]

[ 2016-12-04T17:15:48+08:00 ] 127.0.0.1 /broken/index.php/Home/Amusement/yl_movie.html
INFO: [ app_init ] --START--
INFO: Run Behavior\BuildLiteBehavior [ RunTime:0.000019s ]
INFO: [ app_init ] --END-- [ RunTime:0.000421s ]
INFO: [ app_begin ] --START--
INFO: Run Behavior\ReadHtmlCacheBehavior [ RunTime:0.000929s ]
INFO: [ app_begin ] --END-- [ RunTime:0.001034s ]

[ 2016-12-04T17:15:48+08:00 ] 127.0.0.1 /broken/index.php/Home/Amusement/yl_movie.html
INFO: [ app_init ] --START--
INFO: Run Behavior\BuildLiteBehavior [ RunTime:0.000019s ]
INFO: [ app_init ] --END-- [ RunTime:0.000520s ]
INFO: [ app_begin ] --START--
INFO: Run Behavior\ReadHtmlCacheBehavior [ RunTime:0.001050s ]
INFO: [ app_begin ] --END-- [ RunTime:0.001412s ]

[ 2016-12-04T17:15:48+08:00 ] 127.0.0.1 /broken/index.php/Home/Amusement/yl_movie.html
INFO: [ app_init ] --START--
INFO: Run Behavior\BuildLiteBehavior [ RunTime:0.000017s ]
INFO: [ app_init ] --END-- [ RunTime:0.000407s ]
INFO: [ app_begin ] --START--
INFO: Run Behavior\ReadHtmlCacheBehavior [ RunTime:0.000563s ]
INFO: [ app_begin ] --END-- [ RunTime:0.000635s ]

[ 2016-12-04T17:15:49+08:00 ] 127.0.0.1 /broken/index.php/Home/Amusement/yl_movie.html
INFO: [ app_init ] --START--
INFO: Run Behavior\BuildLiteBehavior [ RunTime:0.000020s ]
INFO: [ app_init ] --END-- [ RunTime:0.000491s ]
INFO: [ app_begin ] --START--
INFO: Run Behavior\ReadHtmlCacheBehavior [ RunTime:0.001296s ]
INFO: [ app_begin ] --END-- [ RunTime:0.001526s ]

[ 2016-12-04T17:15:49+08:00 ] 127.0.0.1 /broken/index.php/Home/Amusement/yl_movie.html
INFO: [ app_init ] --START--
INFO: Run Behavior\BuildLiteBehavior [ RunTime:0.000038s ]
INFO: [ app_init ] --END-- [ RunTime:0.000718s ]
INFO: [ app_begin ] --START--
INFO: Run Behavior\ReadHtmlCacheBehavior [ RunTime:0.000485s ]
INFO: [ app_begin ] --END-- [ RunTime:0.000543s ]

[ 2016-12-04T17:15:50+08:00 ] 127.0.0.1 /broken/index.php/Home/Amusement/yl_movie.html
INFO: [ app_init ] --START--
INFO: Run Behavior\BuildLiteBehavior [ RunTime:0.000016s ]
INFO: [ app_init ] --END-- [ RunTime:0.000429s ]
INFO: [ app_begin ] --START--
INFO: Run Behavior\ReadHtmlCacheBehavior [ RunTime:0.000575s ]
INFO: [ app_begin ] --END-- [ RunTime:0.000649s ]

[ 2016-12-04T17:15:50+08:00 ] 127.0.0.1 /broken/index.php/Home/Amusement/yl_movie.html
INFO: [ app_init ] --START--
INFO: Run Behavior\BuildLiteBehavior [ RunTime:0.000017s ]
INFO: [ app_init ] --END-- [ RunTime:0.000409s ]
INFO: [ app_begin ] --START--
INFO: Run Behavior\ReadHtmlCacheBehavior [ RunTime:0.000560s ]
INFO: [ app_begin ] --END-- [ RunTime:0.000645s ]

[ 2016-12-04T17:15:50+08:00 ] 127.0.0.1 /broken/index.php/Home/Amusement/yl_movie.html
INFO: [ app_init ] --START--
INFO: Run Behavior\BuildLiteBehavior [ RunTime:0.000020s ]
INFO: [ app_init ] --END-- [ RunTime:0.001216s ]
INFO: [ app_begin ] --START--
INFO: Run Behavior\ReadHtmlCacheBehavior [ RunTime:0.000967s ]
INFO: [ app_begin ] --END-- [ RunTime:0.001087s ]

[ 2016-12-04T17:17:07+08:00 ] 127.0.0.1 /broken/index.php/Home/Amusement/yl_movie.html
INFO: [ app_init ] --START--
INFO: Run Behavior\BuildLiteBehavior [ RunTime:0.000044s ]
INFO: [ app_init ] --END-- [ RunTime:0.001780s ]
INFO: [ app_begin ] --START--
INFO: Run Behavior\ReadHtmlCacheBehavior [ RunTime:0.001968s ]
INFO: [ app_begin ] --END-- [ RunTime:0.002159s ]

[ 2016-12-04T17:17:09+08:00 ] 127.0.0.1 /broken/index.php/Home/Amusement/yl_movie.html
INFO: [ app_init ] --START--
INFO: Run Behavior\BuildLiteBehavior [ RunTime:0.000013s ]
INFO: [ app_init ] --END-- [ RunTime:0.000342s ]
INFO: [ app_begin ] --START--
INFO: Run Behavior\ReadHtmlCacheBehavior [ RunTime:0.000526s ]
INFO: [ app_begin ] --END-- [ RunTime:0.000592s ]

[ 2016-12-04T17:17:10+08:00 ] 127.0.0.1 /broken/index.php/Home/Amusement/yl_movie.html
INFO: [ app_init ] --START--
INFO: Run Behavior\BuildLiteBehavior [ RunTime:0.000024s ]
INFO: [ app_init ] --END-- [ RunTime:0.000450s ]
INFO: [ app_begin ] --START--
INFO: Run Behavior\ReadHtmlCacheBehavior [ RunTime:0.000812s ]
INFO: [ app_begin ] --END-- [ RunTime:0.000961s ]

[ 2016-12-04T17:17:10+08:00 ] 127.0.0.1 /broken/index.php/Home/Amusement/yl_movie.html
INFO: [ app_init ] --START--
INFO: Run Behavior\BuildLiteBehavior [ RunTime:0.000021s ]
INFO: [ app_init ] --END-- [ RunTime:0.000544s ]
INFO: [ app_begin ] --START--
INFO: Run Behavior\ReadHtmlCacheBehavior [ RunTime:0.000851s ]
INFO: [ app_begin ] --END-- [ RunTime:0.000985s ]

[ 2016-12-04T17:17:10+08:00 ] 127.0.0.1 /broken/index.php/Home/Amusement/yl_movie.html
INFO: [ app_init ] --START--
INFO: Run Behavior\BuildLiteBehavior [ RunTime:0.000022s ]
INFO: [ app_init ] --END-- [ RunTime:0.000523s ]
INFO: [ app_begin ] --START--
INFO: Run Behavior\ReadHtmlCacheBehavior [ RunTime:0.000822s ]
INFO: [ app_begin ] --END-- [ RunTime:0.000926s ]

[ 2016-12-04T17:17:10+08:00 ] 127.0.0.1 /broken/index.php/Home/Amusement/yl_movie.html
INFO: [ app_init ] --START--
INFO: Run Behavior\BuildLiteBehavior [ RunTime:0.000016s ]
INFO: [ app_init ] --END-- [ RunTime:0.000458s ]
INFO: [ app_begin ] --START--
INFO: Run Behavior\ReadHtmlCacheBehavior [ RunTime:0.000511s ]
INFO: [ app_begin ] --END-- [ RunTime:0.000568s ]

[ 2016-12-04T17:17:11+08:00 ] 127.0.0.1 /broken/index.php/Home/Amusement/yl_movie.html
INFO: [ app_init ] --START--
INFO: Run Behavior\BuildLiteBehavior [ RunTime:0.000021s ]
INFO: [ app_init ] --END-- [ RunTime:0.000592s ]
INFO: [ app_begin ] --START--
INFO: Run Behavior\ReadHtmlCacheBehavior [ RunTime:0.000758s ]
INFO: [ app_begin ] --END-- [ RunTime:0.000866s ]

[ 2016-12-04T17:17:12+08:00 ] 127.0.0.1 /broken/index.php/Home/Amusement/yl_movie.html
INFO: [ app_init ] --START--
INFO: Run Behavior\BuildLiteBehavior [ RunTime:0.000013s ]
INFO: [ app_init ] --END-- [ RunTime:0.000364s ]
INFO: [ app_begin ] --START--
INFO: Run Behavior\ReadHtmlCacheBehavior [ RunTime:0.001119s ]
INFO: [ app_begin ] --END-- [ RunTime:0.001319s ]

[ 2016-12-04T17:17:13+08:00 ] 127.0.0.1 /broken/index.php/Home/Amusement/yl_movie.html
INFO: [ app_init ] --START--
INFO: Run Behavior\BuildLiteBehavior [ RunTime:0.000017s ]
INFO: [ app_init ] --END-- [ RunTime:0.000390s ]
INFO: [ app_begin ] --START--
INFO: Run Behavior\ReadHtmlCacheBehavior [ RunTime:0.000540s ]
INFO: [ app_begin ] --END-- [ RunTime:0.000605s ]

[ 2016-12-04T17:17:13+08:00 ] 127.0.0.1 /broken/index.php/Home/Amusement/yl_movie.html
INFO: [ app_init ] --START--
INFO: Run Behavior\BuildLiteBehavior [ RunTime:0.000018s ]
INFO: [ app_init ] --END-- [ RunTime:0.000442s ]
INFO: [ app_begin ] --START--
INFO: Run Behavior\ReadHtmlCacheBehavior [ RunTime:0.000763s ]
INFO: [ app_begin ] --END-- [ RunTime:0.000857s ]

[ 2016-12-04T17:17:13+08:00 ] 127.0.0.1 /broken/index.php/Home/Amusement/yl_movie.html
INFO: [ app_init ] --START--
INFO: Run Behavior\BuildLiteBehavior [ RunTime:0.000023s ]
INFO: [ app_init ] --END-- [ RunTime:0.000593s ]
INFO: [ app_begin ] --START--
INFO: Run Behavior\ReadHtmlCacheBehavior [ RunTime:0.000827s ]
INFO: [ app_begin ] --END-- [ RunTime:0.001005s ]

[ 2016-12-04T17:17:13+08:00 ] 127.0.0.1 /broken/index.php/Home/Amusement/yl_movie.html
INFO: [ app_init ] --START--
INFO: Run Behavior\BuildLiteBehavior [ RunTime:0.000038s ]
INFO: [ app_init ] --END-- [ RunTime:0.000723s ]
INFO: [ app_begin ] --START--
INFO: Run Behavior\ReadHtmlCacheBehavior [ RunTime:0.000819s ]
INFO: [ app_begin ] --END-- [ RunTime:0.000913s ]

[ 2016-12-04T17:17:13+08:00 ] 127.0.0.1 /broken/index.php/Home/Amusement/yl_movie.html
INFO: [ app_init ] --START--
INFO: Run Behavior\BuildLiteBehavior [ RunTime:0.000014s ]
INFO: [ app_init ] --END-- [ RunTime:0.000342s ]
INFO: [ app_begin ] --START--
INFO: Run Behavior\ReadHtmlCacheBehavior [ RunTime:0.000524s ]
INFO: [ app_begin ] --END-- [ RunTime:0.000594s ]

[ 2016-12-04T17:18:26+08:00 ] 127.0.0.1 /broken/index.php/Home/Amusement/yl_movie.html
INFO: [ app_init ] --START--
INFO: Run Behavior\BuildLiteBehavior [ RunTime:0.000043s ]
INFO: [ app_init ] --END-- [ RunTime:0.001378s ]
INFO: [ app_begin ] --START--
INFO: Run Behavior\ReadHtmlCacheBehavior [ RunTime:0.001862s ]
INFO: [ app_begin ] --END-- [ RunTime:0.002060s ]

[ 2016-12-04T17:18:54+08:00 ] 127.0.0.1 /broken/index.php/Home/Amusement/yl_movie.html
INFO: [ app_init ] --START--
INFO: Run Behavior\BuildLiteBehavior [ RunTime:0.000042s ]
INFO: [ app_init ] --END-- [ RunTime:0.001103s ]
INFO: [ app_begin ] --START--
INFO: Run Behavior\ReadHtmlCacheBehavior [ RunTime:0.001623s ]
INFO: [ app_begin ] --END-- [ RunTime:0.001813s ]

[ 2016-12-04T17:27:37+08:00 ] 127.0.0.1 /broken/index.php/Home/Amusement/yl_movie.html
INFO: [ app_init ] --START--
INFO: Run Behavior\BuildLiteBehavior [ RunTime:0.000044s ]
INFO: [ app_init ] --END-- [ RunTime:0.001264s ]
INFO: [ app_begin ] --START--
INFO: Run Behavior\ReadHtmlCacheBehavior [ RunTime:0.001988s ]
INFO: [ app_begin ] --END-- [ RunTime:0.002208s ]

[ 2016-12-04T17:28:51+08:00 ] 127.0.0.1 /broken/index.php/Home/Amusement/yl_movie.html
INFO: [ app_init ] --START--
INFO: Run Behavior\BuildLiteBehavior [ RunTime:0.000032s ]
INFO: [ app_init ] --END-- [ RunTime:0.000896s ]
INFO: [ app_begin ] --START--
INFO: Run Behavior\ReadHtmlCacheBehavior [ RunTime:0.003906s ]
INFO: [ app_begin ] --END-- [ RunTime:0.004063s ]

[ 2016-12-04T17:28:54+08:00 ] 127.0.0.1 /broken/index.php/Home/Amusement/yl_movie.html
INFO: [ app_init ] --START--
INFO: Run Behavior\BuildLiteBehavior [ RunTime:0.000015s ]
INFO: [ app_init ] --END-- [ RunTime:0.000352s ]
INFO: [ app_begin ] --START--
INFO: Run Behavior\ReadHtmlCacheBehavior [ RunTime:0.000472s ]
INFO: [ app_begin ] --END-- [ RunTime:0.000529s ]

[ 2016-12-04T17:35:27+08:00 ] 127.0.0.1 /broken/index.php/Home/Amusement/yl_movie.html
INFO: [ app_init ] --START--
INFO: Run Behavior\BuildLiteBehavior [ RunTime:0.000044s ]
INFO: [ app_init ] --END-- [ RunTime:0.001253s ]
INFO: [ app_begin ] --START--
INFO: Run Behavior\ReadHtmlCacheBehavior [ RunTime:0.001881s ]
INFO: [ app_begin ] --END-- [ RunTime:0.002069s ]

[ 2016-12-04T17:36:08+08:00 ] 127.0.0.1 /broken/index.php/Home/Amusement/yl_movie.html
INFO: [ app_init ] --START--
INFO: Run Behavior\BuildLiteBehavior [ RunTime:0.000071s ]
INFO: [ app_init ] --END-- [ RunTime:0.002525s ]
INFO: [ app_begin ] --START--
INFO: Run Behavior\ReadHtmlCacheBehavior [ RunTime:0.002038s ]
INFO: [ app_begin ] --END-- [ RunTime:0.002239s ]

[ 2016-12-04T17:45:52+08:00 ] 127.0.0.1 /broken/index.php/Home/Amusement/yl_movie.html
INFO: [ app_init ] --START--
INFO: Run Behavior\BuildLiteBehavior [ RunTime:0.000017s ]
INFO: [ app_init ] --END-- [ RunTime:0.000512s ]
INFO: [ app_begin ] --START--
INFO: Run Behavior\ReadHtmlCacheBehavior [ RunTime:0.000612s ]
INFO: [ app_begin ] --END-- [ RunTime:0.000712s ]

[ 2016-12-04T17:45:53+08:00 ] 127.0.0.1 /broken/index.php/Home/Amusement/yl_movie.html
INFO: [ app_init ] --START--
INFO: Run Behavior\BuildLiteBehavior [ RunTime:0.000015s ]
INFO: [ app_init ] --END-- [ RunTime:0.000362s ]
INFO: [ app_begin ] --START--
INFO: Run Behavior\ReadHtmlCacheBehavior [ RunTime:0.000478s ]
INFO: [ app_begin ] --END-- [ RunTime:0.000536s ]

[ 2016-12-04T17:48:28+08:00 ] 127.0.0.1 /broken/index.php/Home/Amusement/yl_movie.html
INFO: [ app_init ] --START--
INFO: Run Behavior\BuildLiteBehavior [ RunTime:0.000016s ]
INFO: [ app_init ] --END-- [ RunTime:0.000473s ]
INFO: [ app_begin ] --START--
INFO: Run Behavior\ReadHtmlCacheBehavior [ RunTime:0.000585s ]
INFO: [ app_begin ] --END-- [ RunTime:0.000645s ]

[ 2016-12-04T18:18:12+08:00 ] 127.0.0.1 /broken/index.php/Home/Amusement/yl_movie.html
INFO: [ app_init ] --START--
INFO: Run Behavior\BuildLiteBehavior [ RunTime:0.000033s ]
INFO: [ app_init ] --END-- [ RunTime:0.000941s ]
INFO: [ app_begin ] --START--
INFO: Run Behavior\ReadHtmlCacheBehavior [ RunTime:0.001263s ]
INFO: [ app_begin ] --END-- [ RunTime:0.001398s ]
SQL: SHOW COLUMNS FROM `sellertab` [ RunTime:0.1777s ]
SQL: SELECT * FROM `sellertab`  [ RunTime:0.0283s ]
INFO: [ app_end ] --START--
INFO: Run Behavior\ShowPageTraceBehavior [ RunTime:0.003373s ]
INFO: [ app_end ] --END-- [ RunTime:0.003711s ]

[ 2016-12-04T18:21:13+08:00 ] 127.0.0.1 /broken/index.php/Home/Amusement/yl_movie.html
INFO: [ app_init ] --START--
INFO: Run Behavior\BuildLiteBehavior [ RunTime:0.000027s ]
INFO: [ app_init ] --END-- [ RunTime:0.000787s ]
INFO: [ app_begin ] --START--
INFO: Run Behavior\ReadHtmlCacheBehavior [ RunTime:0.001168s ]
INFO: [ app_begin ] --END-- [ RunTime:0.001300s ]
SQL: SHOW COLUMNS FROM `sellertab` [ RunTime:0.0381s ]
SQL: SELECT * FROM `sellertab`  [ RunTime:0.0012s ]
INFO: [ app_end ] --START--
INFO: Run Behavior\ShowPageTraceBehavior [ RunTime:0.001915s ]
INFO: [ app_end ] --END-- [ RunTime:0.002115s ]

[ 2016-12-04T18:21:15+08:00 ] 127.0.0.1 /broken/index.php/Home/Amusement/yl_movie.html
INFO: [ app_init ] --START--
INFO: Run Behavior\BuildLiteBehavior [ RunTime:0.000014s ]
INFO: [ app_init ] --END-- [ RunTime:0.000339s ]
INFO: [ app_begin ] --START--
INFO: Run Behavior\ReadHtmlCacheBehavior [ RunTime:0.000498s ]
INFO: [ app_begin ] --END-- [ RunTime:0.000555s ]
SQL: SHOW COLUMNS FROM `sellertab` [ RunTime:0.0793s ]
SQL: SELECT * FROM `sellertab`  [ RunTime:0.0016s ]
INFO: [ app_end ] --START--
INFO: Run Behavior\ShowPageTraceBehavior [ RunTime:0.001937s ]
INFO: [ app_end ] --END-- [ RunTime:0.002185s ]

[ 2016-12-04T18:21:17+08:00 ] 127.0.0.1 /broken/index.php/Home/Amusement/yl_movie.html
INFO: [ app_init ] --START--
INFO: Run Behavior\BuildLiteBehavior [ RunTime:0.000015s ]
INFO: [ app_init ] --END-- [ RunTime:0.000345s ]
INFO: [ app_begin ] --START--
INFO: Run Behavior\ReadHtmlCacheBehavior [ RunTime:0.000575s ]
INFO: [ app_begin ] --END-- [ RunTime:0.000636s ]
SQL: SHOW COLUMNS FROM `sellertab` [ RunTime:0.0226s ]
SQL: SELECT * FROM `sellertab`  [ RunTime:0.0006s ]
INFO: [ app_end ] --START--
INFO: Run Behavior\ShowPageTraceBehavior [ RunTime:0.000953s ]
INFO: [ app_end ] --END-- [ RunTime:0.001094s ]

[ 2016-12-04T18:21:22+08:00 ] 127.0.0.1 /broken/index.php/Home/Amusement/yl_movie.html
INFO: [ app_init ] --START--
INFO: Run Behavior\BuildLiteBehavior [ RunTime:0.000027s ]
INFO: [ app_init ] --END-- [ RunTime:0.000539s ]
INFO: [ app_begin ] --START--
INFO: Run Behavior\ReadHtmlCacheBehavior [ RunTime:0.000580s ]
INFO: [ app_begin ] --END-- [ RunTime:0.000654s ]
SQL: SHOW COLUMNS FROM `sellertab` [ RunTime:0.0234s ]
SQL: SELECT * FROM `sellertab`  [ RunTime:0.0006s ]
INFO: [ app_end ] --START--
INFO: Run Behavior\ShowPageTraceBehavior [ RunTime:0.001014s ]
INFO: [ app_end ] --END-- [ RunTime:0.001189s ]

[ 2016-12-04T18:21:32+08:00 ] 127.0.0.1 /broken/index.php/Home/Amusement/yl_movie.html
INFO: [ app_init ] --START--
INFO: Run Behavior\BuildLiteBehavior [ RunTime:0.000044s ]
INFO: [ app_init ] --END-- [ RunTime:0.001214s ]
INFO: [ app_begin ] --START--
INFO: Run Behavior\ReadHtmlCacheBehavior [ RunTime:0.001568s ]
INFO: [ app_begin ] --END-- [ RunTime:0.001768s ]
SQL: SHOW COLUMNS FROM `sellertab` [ RunTime:0.0566s ]
NOTIC: [8] Undefined variable: newsModel F:\Html Five\Web Server\apache2.2\htdocs\broken\Application\Home\Controller\AmusementController.class.php 第 7 行.

[ 2016-12-04T18:22:10+08:00 ] 127.0.0.1 /broken/index.php/Home/Amusement/yl_movie.html
INFO: [ app_init ] --START--
INFO: Run Behavior\BuildLiteBehavior [ RunTime:0.000041s ]
INFO: [ app_init ] --END-- [ RunTime:0.001088s ]
INFO: [ app_begin ] --START--
INFO: Run Behavior\ReadHtmlCacheBehavior [ RunTime:0.001557s ]
INFO: [ app_begin ] --END-- [ RunTime:0.002025s ]
SQL: SHOW COLUMNS FROM `sellertab` [ RunTime:0.0418s ]
SQL: SELECT * FROM `sellertab`  [ RunTime:0.0013s ]
INFO: [ view_parse ] --START--
INFO: [ template_filter ] --START--
INFO: Run Behavior\ContentReplaceBehavior [ RunTime:0.000379s ]
INFO: [ template_filter ] --END-- [ RunTime:0.000576s ]
INFO: Run Behavior\ParseTemplateBehavior [ RunTime:0.173630s ]
INFO: [ view_parse ] --END-- [ RunTime:0.173805s ]
INFO: [ view_filter ] --START--
INFO: Run Behavior\WriteHtmlCacheBehavior [ RunTime:0.000861s ]
INFO: [ view_filter ] --END-- [ RunTime:0.000995s ]
INFO: [ app_end ] --START--
INFO: Run Behavior\ShowPageTraceBehavior [ RunTime:0.003800s ]
INFO: [ app_end ] --END-- [ RunTime:0.004110s ]

[ 2016-12-04T18:25:58+08:00 ] 127.0.0.1 /broken/index.php/Home/Amusement/yl_movie.html
INFO: [ app_init ] --START--
INFO: Run Behavior\BuildLiteBehavior [ RunTime:0.000031s ]
INFO: [ app_init ] --END-- [ RunTime:0.000858s ]
INFO: [ app_begin ] --START--
INFO: Run Behavior\ReadHtmlCacheBehavior [ RunTime:0.001984s ]
INFO: [ app_begin ] --END-- [ RunTime:0.002295s ]

[ 2016-12-04T18:26:24+08:00 ] 127.0.0.1 /broken/index.php/Home/Amusement/yl_movie.html
INFO: [ app_init ] --START--
INFO: Run Behavior\BuildLiteBehavior [ RunTime:0.000043s ]
INFO: [ app_init ] --END-- [ RunTime:0.001316s ]
INFO: [ app_begin ] --START--
INFO: Run Behavior\ReadHtmlCacheBehavior [ RunTime:0.002077s ]
INFO: [ app_begin ] --END-- [ RunTime:0.002298s ]

[ 2016-12-04T18:26:26+08:00 ] 127.0.0.1 /broken/index.php/Home/Amusement/yl_movie.html
INFO: [ app_init ] --START--
INFO: Run Behavior\BuildLiteBehavior [ RunTime:0.000014s ]
INFO: [ app_init ] --END-- [ RunTime:0.000341s ]
INFO: [ app_begin ] --START--
INFO: Run Behavior\ReadHtmlCacheBehavior [ RunTime:0.000496s ]
INFO: [ app_begin ] --END-- [ RunTime:0.000565s ]

[ 2016-12-04T18:26:45+08:00 ] 127.0.0.1 /broken/index.php/Home/Amusement/yl_movie.html
INFO: [ app_init ] --START--
INFO: Run Behavior\BuildLiteBehavior [ RunTime:0.000041s ]
INFO: [ app_init ] --END-- [ RunTime:0.001094s ]
INFO: [ app_begin ] --START--
INFO: Run Behavior\ReadHtmlCacheBehavior [ RunTime:0.001910s ]
INFO: [ app_begin ] --END-- [ RunTime:0.002145s ]

[ 2016-12-04T18:27:01+08:00 ] 127.0.0.1 /broken/index.php/Home/Amusement/yl_movie.html
INFO: [ app_init ] --START--
INFO: Run Behavior\BuildLiteBehavior [ RunTime:0.000066s ]
INFO: [ app_init ] --END-- [ RunTime:0.001892s ]
INFO: [ app_begin ] --START--
INFO: Run Behavior\ReadHtmlCacheBehavior [ RunTime:0.001608s ]
INFO: [ app_begin ] --END-- [ RunTime:0.001792s ]
SQL: SHOW COLUMNS FROM `sellertab` [ RunTime:0.0593s ]
ERR: SQLSTATE[42S22]: Column not found: 1054 Unknown column '电影' in 'where clause'

[ 2016-12-04T18:28:49+08:00 ] 127.0.0.1 /broken/index.php/Home/Amusement/yl_movie.html
INFO: [ app_init ] --START--
INFO: Run Behavior\BuildLiteBehavior [ RunTime:0.000061s ]
INFO: [ app_init ] --END-- [ RunTime:0.001832s ]
INFO: [ app_begin ] --START--
INFO: Run Behavior\ReadHtmlCacheBehavior [ RunTime:0.001918s ]
INFO: [ app_begin ] --END-- [ RunTime:0.002302s ]
SQL: SHOW COLUMNS FROM `sellertab` [ RunTime:0.0689s ]
ERR: SQLSTATE[42S22]: Column not found: 1054 Unknown column '电影' in 'where clause'

[ 2016-12-04T18:28:53+08:00 ] 127.0.0.1 /broken/index.php/Home/Amusement/yl_movie.html
INFO: [ app_init ] --START--
INFO: Run Behavior\BuildLiteBehavior [ RunTime:0.000014s ]
INFO: [ app_init ] --END-- [ RunTime:0.000342s ]
INFO: [ app_begin ] --START--
INFO: Run Behavior\ReadHtmlCacheBehavior [ RunTime:0.000500s ]
INFO: [ app_begin ] --END-- [ RunTime:0.000570s ]
SQL: SHOW COLUMNS FROM `sellertab` [ RunTime:0.0226s ]
ERR: SQLSTATE[42S22]: Column not found: 1054 Unknown column '电影' in 'where clause'

[ 2016-12-04T18:30:05+08:00 ] 127.0.0.1 /broken/index.php/Home/Amusement/yl_movie.html
INFO: [ app_init ] --START--
INFO: Run Behavior\BuildLiteBehavior [ RunTime:0.000041s ]
INFO: [ app_init ] --END-- [ RunTime:0.001299s ]
INFO: [ app_begin ] --START--
INFO: Run Behavior\ReadHtmlCacheBehavior [ RunTime:0.002676s ]
INFO: [ app_begin ] --END-- [ RunTime:0.002927s ]
SQL: SHOW COLUMNS FROM `sellertab` [ RunTime:0.0694s ]
ERR: SQLSTATE[42S22]: Column not found: 1054 Unknown column '电影' in 'where clause'

[ 2016-12-04T18:30:07+08:00 ] 127.0.0.1 /broken/index.php/Home/Amusement/yl_movie.html
INFO: [ app_init ] --START--
INFO: Run Behavior\BuildLiteBehavior [ RunTime:0.000016s ]
INFO: [ app_init ] --END-- [ RunTime:0.000361s ]
INFO: [ app_begin ] --START--
INFO: Run Behavior\ReadHtmlCacheBehavior [ RunTime:0.000482s ]
INFO: [ app_begin ] --END-- [ RunTime:0.000538s ]
SQL: SHOW COLUMNS FROM `sellertab` [ RunTime:0.0192s ]
ERR: SQLSTATE[42S22]: Column not found: 1054 Unknown column '电影' in 'where clause'

[ 2016-12-04T18:30:08+08:00 ] 127.0.0.1 /broken/index.php/Home/Amusement/yl_movie.html
INFO: [ app_init ] --START--
INFO: Run Behavior\BuildLiteBehavior [ RunTime:0.000013s ]
INFO: [ app_init ] --END-- [ RunTime:0.000340s ]
INFO: [ app_begin ] --START--
INFO: Run Behavior\ReadHtmlCacheBehavior [ RunTime:0.000714s ]
INFO: [ app_begin ] --END-- [ RunTime:0.000805s ]
SQL: SHOW COLUMNS FROM `sellertab` [ RunTime:0.0208s ]
ERR: SQLSTATE[42S22]: Column not found: 1054 Unknown column '电影' in 'where clause'

[ 2016-12-04T18:30:22+08:00 ] 127.0.0.1 /broken/index.php/Home/Amusement/yl_movie.html
INFO: [ app_init ] --START--
INFO: Run Behavior\BuildLiteBehavior [ RunTime:0.000027s ]
INFO: [ app_init ] --END-- [ RunTime:0.000684s ]
INFO: [ app_begin ] --START--
INFO: Run Behavior\ReadHtmlCacheBehavior [ RunTime:0.000940s ]
INFO: [ app_begin ] --END-- [ RunTime:0.001053s ]
SQL: SHOW COLUMNS FROM `sellertab` [ RunTime:0.0179s ]

[ 2016-12-04T18:31:47+08:00 ] 127.0.0.1 /broken/index.php/Home/Amusement/yl_movie.html
INFO: [ app_init ] --START--
INFO: Run Behavior\BuildLiteBehavior [ RunTime:0.000015s ]
INFO: [ app_init ] --END-- [ RunTime:0.000406s ]
INFO: [ app_begin ] --START--
INFO: Run Behavior\ReadHtmlCacheBehavior [ RunTime:0.000500s ]
INFO: [ app_begin ] --END-- [ RunTime:0.000567s ]
SQL: SHOW COLUMNS FROM `sellertab` [ RunTime:0.0239s ]
SQL: SELECT * FROM `sellertab` WHERE `type_branch` = '电影'  [ RunTime:0.0784s ]
INFO: [ app_end ] --START--
INFO: Run Behavior\ShowPageTraceBehavior [ RunTime:0.000940s ]
INFO: [ app_end ] --END-- [ RunTime:0.001024s ]

[ 2016-12-04T18:32:12+08:00 ] 127.0.0.1 /broken/index.php/Home/Amusement/yl_movie.html
INFO: [ app_init ] --START--
INFO: Run Behavior\BuildLiteBehavior [ RunTime:0.000014s ]
INFO: [ app_init ] --END-- [ RunTime:0.000373s ]
INFO: [ app_begin ] --START--
INFO: Run Behavior\ReadHtmlCacheBehavior [ RunTime:0.000753s ]
INFO: [ app_begin ] --END-- [ RunTime:0.000854s ]
SQL: SHOW COLUMNS FROM `sellertab` [ RunTime:0.1337s ]
SQL: SELECT * FROM `sellertab` WHERE `type_branch` = '电影'  [ RunTime:0.0005s ]
INFO: [ view_parse ] --START--
INFO: [ template_filter ] --START--
INFO: Run Behavior\ContentReplaceBehavior [ RunTime:0.000127s ]
INFO: [ template_filter ] --END-- [ RunTime:0.000193s ]
INFO: Run Behavior\ParseTemplateBehavior [ RunTime:0.073832s ]
INFO: [ view_parse ] --END-- [ RunTime:0.073914s ]
INFO: [ view_filter ] --START--
INFO: Run Behavior\WriteHtmlCacheBehavior [ RunTime:0.000395s ]
INFO: [ view_filter ] --END-- [ RunTime:0.000457s ]
INFO: [ app_end ] --START--
INFO: Run Behavior\ShowPageTraceBehavior [ RunTime:0.001166s ]
INFO: [ app_end ] --END-- [ RunTime:0.001296s ]

[ 2016-12-04T18:37:04+08:00 ] 127.0.0.1 /broken/index.php/Home/Amusement/yl_movie.html
INFO: [ app_init ] --START--
INFO: Run Behavior\BuildLiteBehavior [ RunTime:0.000055s ]
INFO: [ app_init ] --END-- [ RunTime:0.002843s ]
INFO: [ app_begin ] --START--
INFO: Run Behavior\ReadHtmlCacheBehavior [ RunTime:0.001634s ]
INFO: [ app_begin ] --END-- [ RunTime:0.001790s ]
SQL: SHOW COLUMNS FROM `sellertab` [ RunTime:0.0502s ]
SQL: SELECT * FROM `sellertab` WHERE `type_branch` = '电影'  [ RunTime:0.0017s ]
INFO: [ view_parse ] --START--
INFO: [ template_filter ] --START--
INFO: Run Behavior\ContentReplaceBehavior [ RunTime:0.000378s ]
INFO: [ template_filter ] --END-- [ RunTime:0.000673s ]
NOTIC: [8] Undefined index: thumb F:\Html Five\Web Server\apache2.2\htdocs\broken\Application\Runtime\Cache\Home\f811f65a28e593fb6f03622ce29d4ab5.php 第 94 行.
NOTIC: [8] Undefined index: thumb F:\Html Five\Web Server\apache2.2\htdocs\broken\Application\Runtime\Cache\Home\f811f65a28e593fb6f03622ce29d4ab5.php 第 94 行.
NOTIC: [8] Undefined index: thumb F:\Html Five\Web Server\apache2.2\htdocs\broken\Application\Runtime\Cache\Home\f811f65a28e593fb6f03622ce29d4ab5.php 第 94 行.
INFO: Run Behavior\ParseTemplateBehavior [ RunTime:0.150096s ]
INFO: [ view_parse ] --END-- [ RunTime:0.150247s ]
INFO: [ view_filter ] --START--
INFO: Run Behavior\WriteHtmlCacheBehavior [ RunTime:0.000940s ]
INFO: [ view_filter ] --END-- [ RunTime:0.001378s ]
INFO: [ app_end ] --START--
INFO: Run Behavior\ShowPageTraceBehavior [ RunTime:0.003890s ]
INFO: [ app_end ] --END-- [ RunTime:0.004451s ]

[ 2016-12-04T18:37:45+08:00 ] 127.0.0.1 /broken/index.php/Home/Amusement/yl_movie.html
INFO: [ app_init ] --START--
INFO: Run Behavior\BuildLiteBehavior [ RunTime:0.000046s ]
INFO: [ app_init ] --END-- [ RunTime:0.001239s ]
INFO: [ app_begin ] --START--
INFO: Run Behavior\ReadHtmlCacheBehavior [ RunTime:0.001938s ]
INFO: [ app_begin ] --END-- [ RunTime:0.002186s ]
SQL: SHOW COLUMNS FROM `sellertab` [ RunTime:0.0533s ]
SQL: SELECT * FROM `sellertab` WHERE `type_branch` = '电影'  [ RunTime:0.0008s ]
INFO: [ view_parse ] --START--
INFO: [ template_filter ] --START--
INFO: Run Behavior\ContentReplaceBehavior [ RunTime:0.000345s ]
INFO: [ template_filter ] --END-- [ RunTime:0.000537s ]
NOTIC: [8] Undefined index: thumb F:\Html Five\Web Server\apache2.2\htdocs\broken\Application\Runtime\Cache\Home\f811f65a28e593fb6f03622ce29d4ab5.php 第 94 行.
NOTIC: [8] Undefined index: thumb F:\Html Five\Web Server\apache2.2\htdocs\broken\Application\Runtime\Cache\Home\f811f65a28e593fb6f03622ce29d4ab5.php 第 94 行.
NOTIC: [8] Undefined index: thumb F:\Html Five\Web Server\apache2.2\htdocs\broken\Application\Runtime\Cache\Home\f811f65a28e593fb6f03622ce29d4ab5.php 第 94 行.
INFO: Run Behavior\ParseTemplateBehavior [ RunTime:0.152977s ]
INFO: [ view_parse ] --END-- [ RunTime:0.153133s ]
INFO: [ view_filter ] --START--
INFO: Run Behavior\WriteHtmlCacheBehavior [ RunTime:0.000875s ]
INFO: [ view_filter ] --END-- [ RunTime:0.001040s ]
INFO: [ app_end ] --START--
INFO: Run Behavior\ShowPageTraceBehavior [ RunTime:0.017640s ]
INFO: [ app_end ] --END-- [ RunTime:0.017896s ]

[ 2016-12-04T18:38:44+08:00 ] 127.0.0.1 /broken/index.php/Home/Amusement/yl_movie.html
INFO: [ app_init ] --START--
INFO: Run Behavior\BuildLiteBehavior [ RunTime:0.000042s ]
INFO: [ app_init ] --END-- [ RunTime:0.001165s ]
INFO: [ app_begin ] --START--
INFO: Run Behavior\ReadHtmlCacheBehavior [ RunTime:0.001733s ]
INFO: [ app_begin ] --END-- [ RunTime:0.001916s ]
SQL: SHOW COLUMNS FROM `sellertab` [ RunTime:0.0494s ]
SQL: SELECT * FROM `sellertab` WHERE `type_branch` = '电影'  [ RunTime:0.0014s ]
INFO: [ view_parse ] --START--
INFO: [ template_filter ] --START--
INFO: Run Behavior\ContentReplaceBehavior [ RunTime:0.000247s ]
INFO: [ template_filter ] --END-- [ RunTime:0.000378s ]
NOTIC: [8] Undefined index: thumb F:\Html Five\Web Server\apache2.2\htdocs\broken\Application\Runtime\Cache\Home\f811f65a28e593fb6f03622ce29d4ab5.php 第 94 行.
NOTIC: [8] Undefined index: thumb F:\Html Five\Web Server\apache2.2\htdocs\broken\Application\Runtime\Cache\Home\f811f65a28e593fb6f03622ce29d4ab5.php 第 94 行.
NOTIC: [8] Undefined index: thumb F:\Html Five\Web Server\apache2.2\htdocs\broken\Application\Runtime\Cache\Home\f811f65a28e593fb6f03622ce29d4ab5.php 第 94 行.
INFO: Run Behavior\ParseTemplateBehavior [ RunTime:0.143840s ]
INFO: [ view_parse ] --END-- [ RunTime:0.144120s ]
INFO: [ view_filter ] --START--
INFO: Run Behavior\WriteHtmlCacheBehavior [ RunTime:0.000642s ]
INFO: [ view_filter ] --END-- [ RunTime:0.000765s ]
INFO: [ app_end ] --START--
INFO: Run Behavior\ShowPageTraceBehavior [ RunTime:0.001677s ]
INFO: [ app_end ] --END-- [ RunTime:0.003507s ]

[ 2016-12-04T18:45:30+08:00 ] 127.0.0.1 /broken/index.php/Home/Amusement/yl_movie.html
INFO: [ app_init ] --START--
INFO: Run Behavior\BuildLiteBehavior [ RunTime:0.000052s ]
INFO: [ app_init ] --END-- [ RunTime:0.001522s ]
INFO: [ app_begin ] --START--
INFO: Run Behavior\ReadHtmlCacheBehavior [ RunTime:0.002263s ]
INFO: [ app_begin ] --END-- [ RunTime:0.002494s ]
SQL: SHOW COLUMNS FROM `sellertab` [ RunTime:0.0348s ]
SQL: SELECT * FROM `sellertab` WHERE `type_branch` = '电影'  [ RunTime:0.0013s ]
INFO: [ view_parse ] --START--
INFO: [ template_filter ] --START--
INFO: Run Behavior\ContentReplaceBehavior [ RunTime:0.000205s ]
INFO: [ template_filter ] --END-- [ RunTime:0.000368s ]
NOTIC: [8] Undefined index: thumb F:\Html Five\Web Server\apache2.2\htdocs\broken\Application\Runtime\Cache\Home\f811f65a28e593fb6f03622ce29d4ab5.php 第 94 行.
NOTIC: [8] Undefined index: thumb F:\Html Five\Web Server\apache2.2\htdocs\broken\Application\Runtime\Cache\Home\f811f65a28e593fb6f03622ce29d4ab5.php 第 94 行.
NOTIC: [8] Undefined index: thumb F:\Html Five\Web Server\apache2.2\htdocs\broken\Application\Runtime\Cache\Home\f811f65a28e593fb6f03622ce29d4ab5.php 第 94 行.
INFO: Run Behavior\ParseTemplateBehavior [ RunTime:0.103816s ]
INFO: [ view_parse ] --END-- [ RunTime:0.104077s ]
INFO: [ view_filter ] --START--
INFO: Run Behavior\WriteHtmlCacheBehavior [ RunTime:0.000349s ]
INFO: [ view_filter ] --END-- [ RunTime:0.000412s ]
INFO: [ app_end ] --START--
INFO: Run Behavior\ShowPageTraceBehavior [ RunTime:0.007663s ]
INFO: [ app_end ] --END-- [ RunTime:0.007784s ]

[ 2016-12-04T18:45:56+08:00 ] 127.0.0.1 /broken/index.php/Home/Amusement/yl_movie.html
INFO: [ app_init ] --START--
INFO: Run Behavior\BuildLiteBehavior [ RunTime:0.000064s ]
INFO: [ app_init ] --END-- [ RunTime:0.004717s ]
INFO: [ app_begin ] --START--
INFO: Run Behavior\ReadHtmlCacheBehavior [ RunTime:0.003527s ]
INFO: [ app_begin ] --END-- [ RunTime:0.003837s ]
SQL: SHOW COLUMNS FROM `sellertab` [ RunTime:0.1655s ]
SQL: SELECT * FROM `sellertab` WHERE `type_branch` = '电影'  [ RunTime:0.0010s ]
INFO: [ view_parse ] --START--
INFO: [ template_filter ] --START--
INFO: Run Behavior\ContentReplaceBehavior [ RunTime:0.000269s ]
INFO: [ template_filter ] --END-- [ RunTime:0.000415s ]
NOTIC: [8] Undefined index: thumb F:\Html Five\Web Server\apache2.2\htdocs\broken\Application\Runtime\Cache\Home\f811f65a28e593fb6f03622ce29d4ab5.php 第 94 行.
NOTIC: [8] Undefined index: thumb F:\Html Five\Web Server\apache2.2\htdocs\broken\Application\Runtime\Cache\Home\f811f65a28e593fb6f03622ce29d4ab5.php 第 94 行.
NOTIC: [8] Undefined index: thumb F:\Html Five\Web Server\apache2.2\htdocs\broken\Application\Runtime\Cache\Home\f811f65a28e593fb6f03622ce29d4ab5.php 第 94 行.
INFO: Run Behavior\ParseTemplateBehavior [ RunTime:0.188140s ]
INFO: [ view_parse ] --END-- [ RunTime:0.188258s ]
INFO: [ view_filter ] --START--
INFO: Run Behavior\WriteHtmlCacheBehavior [ RunTime:0.000593s ]
INFO: [ view_filter ] --END-- [ RunTime:0.000678s ]
INFO: [ app_end ] --START--
INFO: Run Behavior\ShowPageTraceBehavior [ RunTime:0.011923s ]
INFO: [ app_end ] --END-- [ RunTime:0.012174s ]

[ 2016-12-04T18:46:19+08:00 ] 127.0.0.1 /broken/index.php/Home/Amusement/yl_movie.html
INFO: [ app_init ] --START--
INFO: Run Behavior\BuildLiteBehavior [ RunTime:0.000043s ]
INFO: [ app_init ] --END-- [ RunTime:0.001079s ]
INFO: [ app_begin ] --START--
INFO: Run Behavior\ReadHtmlCacheBehavior [ RunTime:0.001541s ]
INFO: [ app_begin ] --END-- [ RunTime:0.001779s ]
SQL: SHOW COLUMNS FROM `sellertab` [ RunTime:0.0598s ]
SQL: SELECT * FROM `sellertab` WHERE `type_branch` = '电影'  [ RunTime:0.0009s ]
INFO: [ view_parse ] --START--
INFO: [ template_filter ] --START--
INFO: Run Behavior\ContentReplaceBehavior [ RunTime:0.000233s ]
INFO: [ template_filter ] --END-- [ RunTime:0.000354s ]
NOTIC: [8] Undefined index: thumb F:\Html Five\Web Server\apache2.2\htdocs\broken\Application\Runtime\Cache\Home\f811f65a28e593fb6f03622ce29d4ab5.php 第 94 行.
NOTIC: [8] Undefined index: thumb F:\Html Five\Web Server\apache2.2\htdocs\broken\Application\Runtime\Cache\Home\f811f65a28e593fb6f03622ce29d4ab5.php 第 94 行.
NOTIC: [8] Undefined index: thumb F:\Html Five\Web Server\apache2.2\htdocs\broken\Application\Runtime\Cache\Home\f811f65a28e593fb6f03622ce29d4ab5.php 第 94 行.
INFO: Run Behavior\ParseTemplateBehavior [ RunTime:0.140776s ]
INFO: [ view_parse ] --END-- [ RunTime:0.140897s ]
INFO: [ view_filter ] --START--
INFO: Run Behavior\WriteHtmlCacheBehavior [ RunTime:0.000548s ]
INFO: [ view_filter ] --END-- [ RunTime:0.000765s ]
INFO: [ app_end ] --START--
INFO: Run Behavior\ShowPageTraceBehavior [ RunTime:0.004599s ]
INFO: [ app_end ] --END-- [ RunTime:0.004835s ]

[ 2016-12-04T18:46:58+08:00 ] 127.0.0.1 /broken/index.php/Home/Amusement/yl_movie.html
INFO: [ app_init ] --START--
INFO: Run Behavior\BuildLiteBehavior [ RunTime:0.000047s ]
INFO: [ app_init ] --END-- [ RunTime:0.003879s ]
INFO: [ app_begin ] --START--
INFO: Run Behavior\ReadHtmlCacheBehavior [ RunTime:0.002063s ]
INFO: [ app_begin ] --END-- [ RunTime:0.002313s ]
SQL: SHOW COLUMNS FROM `sellertab` [ RunTime:0.0615s ]
SQL: SELECT * FROM `sellertab` WHERE `type_branch` = '电影'  [ RunTime:0.0014s ]
INFO: [ view_parse ] --START--
INFO: [ template_filter ] --START--
INFO: Run Behavior\ContentReplaceBehavior [ RunTime:0.000226s ]
INFO: [ template_filter ] --END-- [ RunTime:0.000345s ]
INFO: Run Behavior\ParseTemplateBehavior [ RunTime:0.133892s ]
INFO: [ view_parse ] --END-- [ RunTime:0.134061s ]
INFO: [ view_filter ] --START--
INFO: Run Behavior\WriteHtmlCacheBehavior [ RunTime:0.000417s ]
INFO: [ view_filter ] --END-- [ RunTime:0.000503s ]
INFO: [ app_end ] --START--
INFO: Run Behavior\ShowPageTraceBehavior [ RunTime:0.010105s ]
INFO: [ app_end ] --END-- [ RunTime:0.010331s ]

[ 2016-12-04T18:49:41+08:00 ] 127.0.0.1 /broken/index.php/Home/Amusement/yl_movie.html
INFO: [ app_init ] --START--
INFO: Run Behavior\BuildLiteBehavior [ RunTime:0.000045s ]
INFO: [ app_init ] --END-- [ RunTime:0.001255s ]
INFO: [ app_begin ] --START--
INFO: Run Behavior\ReadHtmlCacheBehavior [ RunTime:0.002250s ]
INFO: [ app_begin ] --END-- [ RunTime:0.002441s ]
SQL: SHOW COLUMNS FROM `sellertab` [ RunTime:0.0662s ]
SQL: SELECT * FROM `sellertab` WHERE `type_branch` = '电影'  [ RunTime:0.0018s ]
INFO: [ view_parse ] --START--
INFO: [ template_filter ] --START--
INFO: Run Behavior\ContentReplaceBehavior [ RunTime:0.000321s ]
INFO: [ template_filter ] --END-- [ RunTime:0.000488s ]
INFO: Run Behavior\ParseTemplateBehavior [ RunTime:0.191296s ]
INFO: [ view_parse ] --END-- [ RunTime:0.191514s ]
INFO: [ view_filter ] --START--
INFO: Run Behavior\WriteHtmlCacheBehavior [ RunTime:0.000806s ]
INFO: [ view_filter ] --END-- [ RunTime:0.000929s ]
INFO: [ app_end ] --START--
INFO: Run Behavior\ShowPageTraceBehavior [ RunTime:0.031372s ]
INFO: [ app_end ] --END-- [ RunTime:0.031619s ]

[ 2016-12-04T18:50:13+08:00 ] 127.0.0.1 /broken/index.php/Home/Amusement/yl_movie.html
INFO: [ app_init ] --START--
INFO: Run Behavior\BuildLiteBehavior [ RunTime:0.000026s ]
INFO: [ app_init ] --END-- [ RunTime:0.000822s ]
INFO: [ app_begin ] --START--
INFO: Run Behavior\ReadHtmlCacheBehavior [ RunTime:0.001260s ]
INFO: [ app_begin ] --END-- [ RunTime:0.001408s ]
SQL: SHOW COLUMNS FROM `sellertab` [ RunTime:0.0213s ]
SQL: SELECT * FROM `sellertab` WHERE `type_branch` = '电影'  [ RunTime:0.0006s ]
INFO: [ view_parse ] --START--
INFO: [ template_filter ] --START--
INFO: Run Behavior\ContentReplaceBehavior [ RunTime:0.000129s ]
INFO: [ template_filter ] --END-- [ RunTime:0.000201s ]
INFO: Run Behavior\ParseTemplateBehavior [ RunTime:0.065856s ]
INFO: [ view_parse ] --END-- [ RunTime:0.065947s ]
INFO: [ view_filter ] --START--
INFO: Run Behavior\WriteHtmlCacheBehavior [ RunTime:0.000406s ]
INFO: [ view_filter ] --END-- [ RunTime:0.000462s ]
INFO: [ app_end ] --START--
INFO: Run Behavior\ShowPageTraceBehavior [ RunTime:0.001201s ]
INFO: [ app_end ] --END-- [ RunTime:0.001328s ]

[ 2016-12-04T18:58:32+08:00 ] 127.0.0.1 /broken/index.php/Home/Amusement/yl_movie.html
INFO: [ app_init ] --START--
INFO: Run Behavior\BuildLiteBehavior [ RunTime:0.000066s ]
INFO: [ app_init ] --END-- [ RunTime:0.005439s ]
INFO: [ app_begin ] --START--
INFO: Run Behavior\ReadHtmlCacheBehavior [ RunTime:0.002032s ]
INFO: [ app_begin ] --END-- [ RunTime:0.002234s ]
SQL: SHOW COLUMNS FROM `sellertab` [ RunTime:0.1367s ]
SQL: SELECT * FROM `sellertab` WHERE `type_branch` = '电影'  [ RunTime:0.0009s ]
INFO: [ view_parse ] --START--
INFO: [ template_filter ] --START--
INFO: Run Behavior\ContentReplaceBehavior [ RunTime:0.000248s ]
INFO: [ template_filter ] --END-- [ RunTime:0.000366s ]
INFO: Run Behavior\ParseTemplateBehavior [ RunTime:0.138616s ]
INFO: [ view_parse ] --END-- [ RunTime:0.138736s ]
INFO: [ view_filter ] --START--
INFO: Run Behavior\WriteHtmlCacheBehavior [ RunTime:0.000400s ]
INFO: [ view_filter ] --END-- [ RunTime:0.000461s ]
INFO: [ app_end ] --START--
INFO: Run Behavior\ShowPageTraceBehavior [ RunTime:0.001008s ]
INFO: [ app_end ] --END-- [ RunTime:0.001163s ]

[ 2016-12-04T19:00:37+08:00 ] 127.0.0.1 /broken/index.php/Home/Amusement/yl_movie.html
INFO: [ app_init ] --START--
INFO: Run Behavior\BuildLiteBehavior [ RunTime:0.000044s ]
INFO: [ app_init ] --END-- [ RunTime:0.001294s ]
INFO: [ app_begin ] --START--
INFO: Run Behavior\ReadHtmlCacheBehavior [ RunTime:0.002082s ]
INFO: [ app_begin ] --END-- [ RunTime:0.002274s ]
SQL: SHOW COLUMNS FROM `sellertab` [ RunTime:0.0500s ]
SQL: SELECT * FROM `sellertab` WHERE ( type_branch='电影' )  [ RunTime:0.0010s ]
INFO: [ view_parse ] --START--
INFO: [ template_filter ] --START--
INFO: Run Behavior\ContentReplaceBehavior [ RunTime:0.000294s ]
INFO: [ template_filter ] --END-- [ RunTime:0.000453s ]
INFO: Run Behavior\ParseTemplateBehavior [ RunTime:0.130632s ]
INFO: [ view_parse ] --END-- [ RunTime:0.130744s ]
INFO: [ view_filter ] --START--
INFO: Run Behavior\WriteHtmlCacheBehavior [ RunTime:0.000349s ]
INFO: [ view_filter ] --END-- [ RunTime:0.000402s ]
INFO: [ app_end ] --START--
INFO: Run Behavior\ShowPageTraceBehavior [ RunTime:0.006367s ]
INFO: [ app_end ] --END-- [ RunTime:0.006494s ]

[ 2016-12-04T19:03:47+08:00 ] 127.0.0.1 /broken/index.php/Home/Amusement/yl_movie.html
INFO: [ app_init ] --START--
INFO: Run Behavior\BuildLiteBehavior [ RunTime:0.000043s ]
INFO: [ app_init ] --END-- [ RunTime:0.001307s ]
INFO: [ app_begin ] --START--
INFO: Run Behavior\ReadHtmlCacheBehavior [ RunTime:0.001866s ]
INFO: [ app_begin ] --END-- [ RunTime:0.002055s ]
SQL: SHOW COLUMNS FROM `sellertab` [ RunTime:0.0667s ]
SQL: SELECT * FROM `sellertab` WHERE ( type_branch='电影' && shopname='千子星' )  [ RunTime:0.0810s ]
NOTIC: [2] Missing argument 1 for Think\Model::where(), called in F:\Html Five\Web Server\apache2.2\htdocs\broken\Application\Home\Controller\AmusementController.class.php on line 11 and defined F:\Html Five\Web Server\apache2.2\htdocs\broken\ThinkPHP\Library\Think\Model.class.php 第 1797 行.
NOTIC: [8] Undefined variable: where F:\Html Five\Web Server\apache2.2\htdocs\broken\ThinkPHP\Library\Think\Model.class.php 第 1805 行.
NOTIC: [8] Undefined variable: where F:\Html Five\Web Server\apache2.2\htdocs\broken\ThinkPHP\Library\Think\Model.class.php 第 1808 行.
NOTIC: [8] Undefined variable: where F:\Html Five\Web Server\apache2.2\htdocs\broken\ThinkPHP\Library\Think\Model.class.php 第 1816 行.
SQL: SELECT * FROM `sellertab`  [ RunTime:0.0017s ]
INFO: [ view_parse ] --START--
INFO: [ template_filter ] --START--
INFO: Run Behavior\ContentReplaceBehavior [ RunTime:0.000396s ]
INFO: [ template_filter ] --END-- [ RunTime:0.000588s ]
INFO: Run Behavior\ParseTemplateBehavior [ RunTime:0.246374s ]
INFO: [ view_parse ] --END-- [ RunTime:0.246580s ]
INFO: [ view_filter ] --START--
INFO: Run Behavior\WriteHtmlCacheBehavior [ RunTime:0.001103s ]
INFO: [ view_filter ] --END-- [ RunTime:0.001266s ]
INFO: [ app_end ] --START--
INFO: Run Behavior\ShowPageTraceBehavior [ RunTime:0.002489s ]
INFO: [ app_end ] --END-- [ RunTime:0.002754s ]

[ 2016-12-04T19:04:06+08:00 ] 127.0.0.1 /broken/index.php/Home/Amusement/yl_movie.html
INFO: [ app_init ] --START--
INFO: Run Behavior\BuildLiteBehavior [ RunTime:0.000033s ]
INFO: [ app_init ] --END-- [ RunTime:0.000894s ]
INFO: [ app_begin ] --START--
INFO: Run Behavior\ReadHtmlCacheBehavior [ RunTime:0.001353s ]
INFO: [ app_begin ] --END-- [ RunTime:0.001491s ]
SQL: SHOW COLUMNS FROM `sellertab` [ RunTime:0.0401s ]
SQL: SELECT * FROM `sellertab` WHERE ( type_branch='电影' & shopname='千子星' )  [ RunTime:0.0288s ]
NOTIC: [2] Missing argument 1 for Think\Model::where(), called in F:\Html Five\Web Server\apache2.2\htdocs\broken\Application\Home\Controller\AmusementController.class.php on line 11 and defined F:\Html Five\Web Server\apache2.2\htdocs\broken\ThinkPHP\Library\Think\Model.class.php 第 1797 行.
NOTIC: [8] Undefined variable: where F:\Html Five\Web Server\apache2.2\htdocs\broken\ThinkPHP\Library\Think\Model.class.php 第 1805 行.
NOTIC: [8] Undefined variable: where F:\Html Five\Web Server\apache2.2\htdocs\broken\ThinkPHP\Library\Think\Model.class.php 第 1808 行.
NOTIC: [8] Undefined variable: where F:\Html Five\Web Server\apache2.2\htdocs\broken\ThinkPHP\Library\Think\Model.class.php 第 1816 行.
SQL: SELECT * FROM `sellertab`  [ RunTime:0.0011s ]
INFO: [ view_parse ] --START--
INFO: [ template_filter ] --START--
INFO: Run Behavior\ContentReplaceBehavior [ RunTime:0.000725s ]
INFO: [ template_filter ] --END-- [ RunTime:0.000988s ]
INFO: Run Behavior\ParseTemplateBehavior [ RunTime:0.252278s ]
INFO: [ view_parse ] --END-- [ RunTime:0.252468s ]
INFO: [ view_filter ] --START--
INFO: Run Behavior\WriteHtmlCacheBehavior [ RunTime:0.000986s ]
INFO: [ view_filter ] --END-- [ RunTime:0.001144s ]
INFO: [ app_end ] --START--
INFO: Run Behavior\ShowPageTraceBehavior [ RunTime:0.003361s ]
INFO: [ app_end ] --END-- [ RunTime:0.003569s ]

[ 2016-12-04T19:06:18+08:00 ] 127.0.0.1 /broken/index.php/Home/Amusement/yl_movie.html
INFO: [ app_init ] --START--
INFO: Run Behavior\BuildLiteBehavior [ RunTime:0.000026s ]
INFO: [ app_init ] --END-- [ RunTime:0.000729s ]
INFO: [ app_begin ] --START--
INFO: Run Behavior\ReadHtmlCacheBehavior [ RunTime:0.000989s ]
INFO: [ app_begin ] --END-- [ RunTime:0.001091s ]

[ 2016-12-04T19:07:26+08:00 ] 127.0.0.1 /broken/index.php/Home/Amusement/yl_movie.html
INFO: [ app_init ] --START--
INFO: Run Behavior\BuildLiteBehavior [ RunTime:0.000032s ]
INFO: [ app_init ] --END-- [ RunTime:0.000928s ]
INFO: [ app_begin ] --START--
INFO: Run Behavior\ReadHtmlCacheBehavior [ RunTime:0.001474s ]
INFO: [ app_begin ] --END-- [ RunTime:0.001612s ]

[ 2016-12-04T19:07:28+08:00 ] 127.0.0.1 /broken/index.php/Home/Amusement/yl_movie.html
INFO: [ app_init ] --START--
INFO: Run Behavior\BuildLiteBehavior [ RunTime:0.000051s ]
INFO: [ app_init ] --END-- [ RunTime:0.001199s ]
INFO: [ app_begin ] --START--
INFO: Run Behavior\ReadHtmlCacheBehavior [ RunTime:0.001339s ]
INFO: [ app_begin ] --END-- [ RunTime:0.001488s ]

[ 2016-12-04T19:07:46+08:00 ] 127.0.0.1 /broken/index.php/Home/Amusement/yl_movie.html
INFO: [ app_init ] --START--
INFO: Run Behavior\BuildLiteBehavior [ RunTime:0.000050s ]
INFO: [ app_init ] --END-- [ RunTime:0.001351s ]
INFO: [ app_begin ] --START--
INFO: Run Behavior\ReadHtmlCacheBehavior [ RunTime:0.001856s ]
INFO: [ app_begin ] --END-- [ RunTime:0.002075s ]

[ 2016-12-04T19:07:46+08:00 ] 127.0.0.1 /broken/index.php/Home/Amusement/yl_movie.html
INFO: [ app_init ] --START--
INFO: Run Behavior\BuildLiteBehavior [ RunTime:0.000014s ]
INFO: [ app_init ] --END-- [ RunTime:0.000351s ]
INFO: [ app_begin ] --START--
INFO: Run Behavior\ReadHtmlCacheBehavior [ RunTime:0.000513s ]
INFO: [ app_begin ] --END-- [ RunTime:0.000572s ]

[ 2016-12-04T19:08:23+08:00 ] 127.0.0.1 /broken/index.php/Home/Amusement/yl_movie.html
INFO: [ app_init ] --START--
INFO: Run Behavior\BuildLiteBehavior [ RunTime:0.000048s ]
INFO: [ app_init ] --END-- [ RunTime:0.001219s ]
INFO: [ app_begin ] --START--
INFO: Run Behavior\ReadHtmlCacheBehavior [ RunTime:0.001129s ]
INFO: [ app_begin ] --END-- [ RunTime:0.001264s ]

[ 2016-12-04T19:08:23+08:00 ] 127.0.0.1 /broken/index.php/Home/Amusement/yl_movie.html
INFO: [ app_init ] --START--
INFO: Run Behavior\BuildLiteBehavior [ RunTime:0.000013s ]
INFO: [ app_init ] --END-- [ RunTime:0.000336s ]
INFO: [ app_begin ] --START--
INFO: Run Behavior\ReadHtmlCacheBehavior [ RunTime:0.000472s ]
INFO: [ app_begin ] --END-- [ RunTime:0.000539s ]

[ 2016-12-04T19:10:14+08:00 ] 127.0.0.1 /broken/index.php/Home/Amusement/yl_movie.html
INFO: [ app_init ] --START--
INFO: Run Behavior\BuildLiteBehavior [ RunTime:0.000047s ]
INFO: [ app_init ] --END-- [ RunTime:0.004051s ]
INFO: [ app_begin ] --START--
INFO: Run Behavior\ReadHtmlCacheBehavior [ RunTime:0.001879s ]
INFO: [ app_begin ] --END-- [ RunTime:0.002069s ]
SQL: SHOW COLUMNS FROM `sellertab` [ RunTime:0.0631s ]
SQL: SELECT * FROM `sellertab` WHERE ( type_origin='娱乐' )  [ RunTime:0.0010s ]
SQL: SELECT * FROM `sellertab` WHERE ( type_branch='电影' )  [ RunTime:0.0007s ]
INFO: [ view_parse ] --START--
INFO: [ template_filter ] --START--
INFO: Run Behavior\ContentReplaceBehavior [ RunTime:0.000257s ]
INFO: [ template_filter ] --END-- [ RunTime:0.000386s ]
INFO: Run Behavior\ParseTemplateBehavior [ RunTime:0.148381s ]
INFO: [ view_parse ] --END-- [ RunTime:0.148514s ]
INFO: [ view_filter ] --START--
INFO: Run Behavior\WriteHtmlCacheBehavior [ RunTime:0.000636s ]
INFO: [ view_filter ] --END-- [ RunTime:0.000734s ]
INFO: [ app_end ] --START--
INFO: Run Behavior\ShowPageTraceBehavior [ RunTime:0.002183s ]
INFO: [ app_end ] --END-- [ RunTime:0.002393s ]

[ 2016-12-04T19:11:09+08:00 ] 127.0.0.1 /broken/index.php/Home/Amusement/yl_movie.html
INFO: [ app_init ] --START--
INFO: Run Behavior\BuildLiteBehavior [ RunTime:0.000046s ]
INFO: [ app_init ] --END-- [ RunTime:0.002289s ]
INFO: [ app_begin ] --START--
INFO: Run Behavior\ReadHtmlCacheBehavior [ RunTime:0.001897s ]
INFO: [ app_begin ] --END-- [ RunTime:0.002086s ]
SQL: SHOW COLUMNS FROM `sellertab` [ RunTime:0.0642s ]
SQL: SELECT * FROM `sellertab` WHERE ( type_branch='电影' )  [ RunTime:0.0014s ]
SQL: SELECT * FROM `sellertab` WHERE ( shopname='万达影城' )  [ RunTime:0.0008s ]
INFO: [ view_parse ] --START--
INFO: [ template_filter ] --START--
INFO: Run Behavior\ContentReplaceBehavior [ RunTime:0.000252s ]
INFO: [ template_filter ] --END-- [ RunTime:0.000385s ]
INFO: Run Behavior\ParseTemplateBehavior [ RunTime:0.145843s ]
INFO: [ view_parse ] --END-- [ RunTime:0.145980s ]
INFO: [ view_filter ] --START--
INFO: Run Behavior\WriteHtmlCacheBehavior [ RunTime:0.000860s ]
INFO: [ view_filter ] --END-- [ RunTime:0.000966s ]
INFO: [ app_end ] --START--
INFO: Run Behavior\ShowPageTraceBehavior [ RunTime:0.014835s ]
INFO: [ app_end ] --END-- [ RunTime:0.015179s ]

[ 2016-12-04T19:12:36+08:00 ] 127.0.0.1 /broken/index.php/Home/Amusement/yl_movie.html
INFO: [ app_init ] --START--
INFO: Run Behavior\BuildLiteBehavior [ RunTime:0.000043s ]
INFO: [ app_init ] --END-- [ RunTime:0.001212s ]
INFO: [ app_begin ] --START--
INFO: Run Behavior\ReadHtmlCacheBehavior [ RunTime:0.001879s ]
INFO: [ app_begin ] --END-- [ RunTime:0.002066s ]
SQL: SHOW COLUMNS FROM `sellertab` [ RunTime:0.0549s ]
SQL: SELECT * FROM `sellertab` WHERE ( type_origin='娱乐' )  [ RunTime:0.0011s ]
SQL: SELECT * FROM `sellertab` WHERE ( type_branch='电影' )  [ RunTime:0.0009s ]
INFO: [ view_parse ] --START--
INFO: [ template_filter ] --START--
INFO: Run Behavior\ContentReplaceBehavior [ RunTime:0.000288s ]
INFO: [ template_filter ] --END-- [ RunTime:0.000442s ]
INFO: Run Behavior\ParseTemplateBehavior [ RunTime:0.163349s ]
INFO: [ view_parse ] --END-- [ RunTime:0.163483s ]
INFO: [ view_filter ] --START--
INFO: Run Behavior\WriteHtmlCacheBehavior [ RunTime:0.000412s ]
INFO: [ view_filter ] --END-- [ RunTime:0.000471s ]
INFO: [ app_end ] --START--
INFO: Run Behavior\ShowPageTraceBehavior [ RunTime:0.001619s ]
INFO: [ app_end ] --END-- [ RunTime:0.001771s ]

